<testsuites id="" name="" tests="57" failures="0" skipped="0" errors="0" time="41.721298000000004">
<testsuite name="ui/cart.spec.ts" timestamp="2026-06-06T12:34:16.958Z" hostname="chromium" tests="4" failures="0" skipped="0" time="9.784" errors="0">
<testcase name="Cart Page › @smoke - cart displays added items" classname="ui/cart.spec.ts" time="2.367">
<system-out>
<![CDATA[[2026-06-06 08:34:20] [[32minfo[39m] Setting up authenticated session
[2026-06-06 08:34:20] [[32minfo[39m] Navigating to: /
[2026-06-06 08:34:20] [[32minfo[39m] Logging in as: standard_user
[2026-06-06 08:34:21] [[32minfo[39m] Confirmed on inventory page
[2026-06-06 08:34:21] [[32minfo[39m] Adding to cart: Sauce Labs Backpack
[2026-06-06 08:34:21] [[32minfo[39m] Adding to cart: Sauce Labs Bike Light
]]>
</system-out>
</testcase>
<testcase name="Cart Page › @regression - cart item names are correct" classname="ui/cart.spec.ts" time="2.378">
<system-out>
<![CDATA[[2026-06-06 08:34:20] [[32minfo[39m] Setting up authenticated session
[2026-06-06 08:34:20] [[32minfo[39m] Navigating to: /
[2026-06-06 08:34:20] [[32minfo[39m] Logging in as: standard_user
[2026-06-06 08:34:21] [[32minfo[39m] Confirmed on inventory page
[2026-06-06 08:34:21] [[32minfo[39m] Adding to cart: Sauce Labs Backpack
[2026-06-06 08:34:21] [[32minfo[39m] Adding to cart: Sauce Labs Bike Light
]]>
</system-out>
</testcase>
<testcase name="Cart Page › @regression - continue shopping returns to inventory" classname="ui/cart.spec.ts" time="2.554">
<system-out>
<![CDATA[[2026-06-06 08:34:20] [[32minfo[39m] Setting up authenticated session
[2026-06-06 08:34:20] [[32minfo[39m] Navigating to: /
[2026-06-06 08:34:20] [[32minfo[39m] Logging in as: standard_user
[2026-06-06 08:34:21] [[32minfo[39m] Confirmed on inventory page
[2026-06-06 08:34:21] [[32minfo[39m] Adding to cart: Sauce Labs Backpack
[2026-06-06 08:34:21] [[32minfo[39m] Adding to cart: Sauce Labs Bike Light
[2026-06-06 08:34:21] [[32minfo[39m] Confirmed on inventory page
]]>
</system-out>
</testcase>
<testcase name="Cart Page › @regression - proceed to checkout navigates correctly" classname="ui/cart.spec.ts" time="2.485">
<system-out>
<![CDATA[[2026-06-06 08:34:20] [[32minfo[39m] Setting up authenticated session
[2026-06-06 08:34:20] [[32minfo[39m] Navigating to: /
[2026-06-06 08:34:20] [[32minfo[39m] Logging in as: standard_user
[2026-06-06 08:34:21] [[32minfo[39m] Confirmed on inventory page
[2026-06-06 08:34:21] [[32minfo[39m] Adding to cart: Sauce Labs Backpack
[2026-06-06 08:34:21] [[32minfo[39m] Adding to cart: Sauce Labs Bike Light
]]>
</system-out>
</testcase>
</testsuite>
<testsuite name="ui/inventory.spec.ts" timestamp="2026-06-06T12:34:16.958Z" hostname="chromium" tests="9" failures="0" skipped="0" time="16.765" errors="0">
<testcase name="Inventory Page › @smoke - inventory page loads with products" classname="ui/inventory.spec.ts" time="1.726">
<system-out>
<![CDATA[[2026-06-06 08:34:22] [[32minfo[39m] Setting up authenticated session
[2026-06-06 08:34:22] [[32minfo[39m] Navigating to: /
[2026-06-06 08:34:22] [[32minfo[39m] Logging in as: standard_user
[2026-06-06 08:34:23] [[32minfo[39m] Confirmed on inventory page
]]>
</system-out>
</testcase>
<testcase name="Inventory Page › @regression - products sorted A-Z by default" classname="ui/inventory.spec.ts" time="1.67">
<system-out>
<![CDATA[[2026-06-06 08:34:22] [[32minfo[39m] Setting up authenticated session
[2026-06-06 08:34:22] [[32minfo[39m] Navigating to: /
[2026-06-06 08:34:22] [[32minfo[39m] Logging in as: standard_user
[2026-06-06 08:34:23] [[32minfo[39m] Confirmed on inventory page
[2026-06-06 08:34:23] [[32minfo[39m] Sorting products by: az
]]>
</system-out>
</testcase>
<testcase name="Inventory Page › @regression - products sorted by price low-to-high" classname="ui/inventory.spec.ts" time="1.617">
<system-out>
<![CDATA[[2026-06-06 08:34:22] [[32minfo[39m] Setting up authenticated session
[2026-06-06 08:34:22] [[32minfo[39m] Navigating to: /
[2026-06-06 08:34:22] [[32minfo[39m] Logging in as: standard_user
[2026-06-06 08:34:23] [[32minfo[39m] Confirmed on inventory page
[2026-06-06 08:34:23] [[32minfo[39m] Sorting products by: lohi
]]>
</system-out>
</testcase>
<testcase name="Inventory Page › @regression - products sorted by price high-to-low" classname="ui/inventory.spec.ts" time="1.601">
<system-out>
<![CDATA[[2026-06-06 08:34:22] [[32minfo[39m] Setting up authenticated session
[2026-06-06 08:34:22] [[32minfo[39m] Navigating to: /
[2026-06-06 08:34:23] [[32minfo[39m] Logging in as: standard_user
[2026-06-06 08:34:23] [[32minfo[39m] Confirmed on inventory page
[2026-06-06 08:34:23] [[32minfo[39m] Sorting products by: hilo
]]>
</system-out>
</testcase>
<testcase name="Inventory Page › @smoke - add item to cart updates badge count" classname="ui/inventory.spec.ts" time="1.929">
<system-out>
<![CDATA[[2026-06-06 08:34:24] [[32minfo[39m] Setting up authenticated session
[2026-06-06 08:34:24] [[32minfo[39m] Navigating to: /
[2026-06-06 08:34:24] [[32minfo[39m] Logging in as: standard_user
[2026-06-06 08:34:25] [[32minfo[39m] Confirmed on inventory page
[2026-06-06 08:34:25] [[32minfo[39m] Adding to cart: Sauce Labs Backpack
]]>
</system-out>
</testcase>
<testcase name="Inventory Page › @regression - add multiple items to cart" classname="ui/inventory.spec.ts" time="1.811">
<system-out>
<![CDATA[[2026-06-06 08:34:24] [[32minfo[39m] Setting up authenticated session
[2026-06-06 08:34:24] [[32minfo[39m] Navigating to: /
[2026-06-06 08:34:24] [[32minfo[39m] Logging in as: standard_user
[2026-06-06 08:34:24] [[32minfo[39m] Confirmed on inventory page
[2026-06-06 08:34:24] [[32minfo[39m] Adding to cart: Sauce Labs Backpack
[2026-06-06 08:34:25] [[32minfo[39m] Adding to cart: Sauce Labs Bike Light
]]>
</system-out>
</testcase>
<testcase name="Inventory Page › @regression - remove item from cart" classname="ui/inventory.spec.ts" time="1.902">
<system-out>
<![CDATA[[2026-06-06 08:34:24] [[32minfo[39m] Setting up authenticated session
[2026-06-06 08:34:24] [[32minfo[39m] Navigating to: /
[2026-06-06 08:34:24] [[32minfo[39m] Logging in as: standard_user
[2026-06-06 08:34:25] [[32minfo[39m] Confirmed on inventory page
[2026-06-06 08:34:25] [[32minfo[39m] Adding to cart: Sauce Labs Backpack
[2026-06-06 08:34:25] [[32minfo[39m] Removing from cart: Sauce Labs Backpack
]]>
</system-out>
</testcase>
<testcase name="Inventory Page › @regression - navigate to cart page" classname="ui/inventory.spec.ts" time="1.981">
<system-out>
<![CDATA[[2026-06-06 08:34:24] [[32minfo[39m] Setting up authenticated session
[2026-06-06 08:34:24] [[32minfo[39m] Navigating to: /
[2026-06-06 08:34:24] [[32minfo[39m] Logging in as: standard_user
[2026-06-06 08:34:25] [[32minfo[39m] Confirmed on inventory page
[2026-06-06 08:34:25] [[32minfo[39m] Adding to cart: Sauce Labs Backpack
]]>
</system-out>
</testcase>
<testcase name="Inventory Page › @smoke - logout redirects to login page" classname="ui/inventory.spec.ts" time="2.528">
<system-out>
<![CDATA[[2026-06-06 08:34:25] [[32minfo[39m] Setting up authenticated session
[2026-06-06 08:34:25] [[32minfo[39m] Navigating to: /
[2026-06-06 08:34:26] [[32minfo[39m] Logging in as: standard_user
[2026-06-06 08:34:26] [[32minfo[39m] Confirmed on inventory page
[2026-06-06 08:34:27] [[32minfo[39m] Logged out successfully
]]>
</system-out>
</testcase>
</testsuite>
<testsuite name="ui/login.spec.ts" timestamp="2026-06-06T12:34:16.958Z" hostname="chromium" tests="6" failures="0" skipped="0" time="9.688" errors="0">
<testcase name="Login Page › @smoke - login form is visible" classname="ui/login.spec.ts" time="1.486">
<system-out>
<![CDATA[[2026-06-06 08:34:25] [[32minfo[39m] Navigating to: /
]]>
</system-out>
</testcase>
<testcase name="Login Page › @smoke - successful login with standard user" classname="ui/login.spec.ts" time="1.779">
<system-out>
<![CDATA[[2026-06-06 08:34:25] [[32minfo[39m] Navigating to: /
[2026-06-06 08:34:26] [[32minfo[39m] Logging in as: standard_user
[2026-06-06 08:34:27] [[32minfo[39m] Confirmed on inventory page
]]>
</system-out>
</testcase>
<testcase name="Login Page › @regression - locked user sees error message" classname="ui/login.spec.ts" time="1.622">
<system-out>
<![CDATA[[2026-06-06 08:34:26] [[32minfo[39m] Navigating to: /
[2026-06-06 08:34:26] [[32minfo[39m] Logging in as: locked_out_user
[2026-06-06 08:34:27] [[32minfo[39m] Error message verified: Epic sadface: Sorry, this user has been locked out
]]>
</system-out>
</testcase>
<testcase name="Login Page › @regression - invalid credentials shows error" classname="ui/login.spec.ts" time="1.407">
<system-out>
<![CDATA[[2026-06-06 08:34:27] [[32minfo[39m] Navigating to: /
[2026-06-06 08:34:28] [[32minfo[39m] Logging in as: invalid_user
[2026-06-06 08:34:28] [[32minfo[39m] Error message verified: Epic sadface: Username and password do not match
]]>
</system-out>
</testcase>
<testcase name="Login Page › @regression - empty username shows required error" classname="ui/login.spec.ts" time="1.702">
<system-out>
<![CDATA[[2026-06-06 08:34:27] [[32minfo[39m] Navigating to: /
[2026-06-06 08:34:28] [[32minfo[39m] Logging in as: 
[2026-06-06 08:34:28] [[32minfo[39m] Error message verified: Epic sadface: Username is required
]]>
</system-out>
</testcase>
<testcase name="Login Page › @regression - empty password shows required error" classname="ui/login.spec.ts" time="1.692">
<system-out>
<![CDATA[[2026-06-06 08:34:27] [[32minfo[39m] Navigating to: /
[2026-06-06 08:34:28] [[32minfo[39m] Logging in as: standard_user
[2026-06-06 08:34:28] [[32minfo[39m] Error message verified: Epic sadface: Password is required
]]>
</system-out>
</testcase>
</testsuite>
<testsuite name="ui/cart.spec.ts" timestamp="2026-06-06T12:34:16.958Z" hostname="firefox" tests="4" failures="0" skipped="0" time="22.336" errors="0">
<testcase name="Cart Page › @smoke - cart displays added items" classname="ui/cart.spec.ts" time="5.464">
<system-out>
<![CDATA[[2026-06-06 08:34:33] [[32minfo[39m] Setting up authenticated session
[2026-06-06 08:34:33] [[32minfo[39m] Navigating to: /
[2026-06-06 08:34:34] [[32minfo[39m] Logging in as: standard_user
[2026-06-06 08:34:35] [[32minfo[39m] Confirmed on inventory page
[2026-06-06 08:34:35] [[32minfo[39m] Adding to cart: Sauce Labs Backpack
[2026-06-06 08:34:36] [[32minfo[39m] Adding to cart: Sauce Labs Bike Light
]]>
</system-out>
</testcase>
<testcase name="Cart Page › @regression - cart item names are correct" classname="ui/cart.spec.ts" time="5.58">
<system-out>
<![CDATA[[2026-06-06 08:34:35] [[32minfo[39m] Setting up authenticated session
[2026-06-06 08:34:35] [[32minfo[39m] Navigating to: /
[2026-06-06 08:34:36] [[32minfo[39m] Logging in as: standard_user
[2026-06-06 08:34:37] [[32minfo[39m] Confirmed on inventory page
[2026-06-06 08:34:37] [[32minfo[39m] Adding to cart: Sauce Labs Backpack
[2026-06-06 08:34:37] [[32minfo[39m] Adding to cart: Sauce Labs Bike Light
]]>
</system-out>
</testcase>
<testcase name="Cart Page › @regression - continue shopping returns to inventory" classname="ui/cart.spec.ts" time="5.538">
<system-out>
<![CDATA[[2026-06-06 08:34:34] [[32minfo[39m] Setting up authenticated session
[2026-06-06 08:34:34] [[32minfo[39m] Navigating to: /
[2026-06-06 08:34:35] [[32minfo[39m] Logging in as: standard_user
[2026-06-06 08:34:36] [[32minfo[39m] Confirmed on inventory page
[2026-06-06 08:34:36] [[32minfo[39m] Adding to cart: Sauce Labs Backpack
[2026-06-06 08:34:36] [[32minfo[39m] Adding to cart: Sauce Labs Bike Light
[2026-06-06 08:34:37] [[32minfo[39m] Confirmed on inventory page
]]>
</system-out>
</testcase>
<testcase name="Cart Page › @regression - proceed to checkout navigates correctly" classname="ui/cart.spec.ts" time="5.754">
<system-out>
<![CDATA[[2026-06-06 08:34:32] [[32minfo[39m] Setting up authenticated session
[2026-06-06 08:34:32] [[32minfo[39m] Navigating to: /
[2026-06-06 08:34:34] [[32minfo[39m] Logging in as: standard_user
[2026-06-06 08:34:35] [[32minfo[39m] Confirmed on inventory page
[2026-06-06 08:34:35] [[32minfo[39m] Adding to cart: Sauce Labs Backpack
[2026-06-06 08:34:36] [[32minfo[39m] Adding to cart: Sauce Labs Bike Light
]]>
</system-out>
</testcase>
</testsuite>
<testsuite name="ui/inventory.spec.ts" timestamp="2026-06-06T12:34:16.958Z" hostname="firefox" tests="9" failures="0" skipped="0" time="26.887" errors="0">
<testcase name="Inventory Page › @smoke - inventory page loads with products" classname="ui/inventory.spec.ts" time="2.097">
<system-out>
<![CDATA[[2026-06-06 08:34:37] [[32minfo[39m] Setting up authenticated session
[2026-06-06 08:34:37] [[32minfo[39m] Navigating to: /
[2026-06-06 08:34:37] [[32minfo[39m] Logging in as: standard_user
[2026-06-06 08:34:38] [[32minfo[39m] Confirmed on inventory page
]]>
</system-out>
</testcase>
<testcase name="Inventory Page › @regression - products sorted A-Z by default" classname="ui/inventory.spec.ts" time="2.616">
<system-out>
<![CDATA[[2026-06-06 08:34:37] [[32minfo[39m] Setting up authenticated session
[2026-06-06 08:34:37] [[32minfo[39m] Navigating to: /
[2026-06-06 08:34:37] [[32minfo[39m] Logging in as: standard_user
[2026-06-06 08:34:38] [[32minfo[39m] Confirmed on inventory page
[2026-06-06 08:34:38] [[32minfo[39m] Sorting products by: az
]]>
</system-out>
</testcase>
<testcase name="Inventory Page › @regression - products sorted by price low-to-high" classname="ui/inventory.spec.ts" time="2.634">
<system-out>
<![CDATA[[2026-06-06 08:34:38] [[32minfo[39m] Setting up authenticated session
[2026-06-06 08:34:38] [[32minfo[39m] Navigating to: /
[2026-06-06 08:34:38] [[32minfo[39m] Logging in as: standard_user
[2026-06-06 08:34:39] [[32minfo[39m] Confirmed on inventory page
[2026-06-06 08:34:39] [[32minfo[39m] Sorting products by: lohi
]]>
</system-out>
</testcase>
<testcase name="Inventory Page › @regression - products sorted by price high-to-low" classname="ui/inventory.spec.ts" time="3.346">
<system-out>
<![CDATA[[2026-06-06 08:34:39] [[32minfo[39m] Setting up authenticated session
[2026-06-06 08:34:39] [[32minfo[39m] Navigating to: /
[2026-06-06 08:34:39] [[32minfo[39m] Logging in as: standard_user
[2026-06-06 08:34:41] [[32minfo[39m] Confirmed on inventory page
[2026-06-06 08:34:41] [[32minfo[39m] Sorting products by: hilo
]]>
</system-out>
</testcase>
<testcase name="Inventory Page › @smoke - add item to cart updates badge count" classname="ui/inventory.spec.ts" time="3.277">
<system-out>
<![CDATA[[2026-06-06 08:34:39] [[32minfo[39m] Setting up authenticated session
[2026-06-06 08:34:39] [[32minfo[39m] Navigating to: /
[2026-06-06 08:34:40] [[32minfo[39m] Logging in as: standard_user
[2026-06-06 08:34:41] [[32minfo[39m] Confirmed on inventory page
[2026-06-06 08:34:41] [[32minfo[39m] Adding to cart: Sauce Labs Backpack
]]>
</system-out>
</testcase>
<testcase name="Inventory Page › @regression - add multiple items to cart" classname="ui/inventory.spec.ts" time="3.054">
<system-out>
<![CDATA[[2026-06-06 08:34:40] [[32minfo[39m] Setting up authenticated session
[2026-06-06 08:34:40] [[32minfo[39m] Navigating to: /
[2026-06-06 08:34:41] [[32minfo[39m] Logging in as: standard_user
[2026-06-06 08:34:42] [[32minfo[39m] Confirmed on inventory page
[2026-06-06 08:34:42] [[32minfo[39m] Adding to cart: Sauce Labs Backpack
[2026-06-06 08:34:42] [[32minfo[39m] Adding to cart: Sauce Labs Bike Light
]]>
</system-out>
</testcase>
<testcase name="Inventory Page › @regression - remove item from cart" classname="ui/inventory.spec.ts" time="2.972">
<system-out>
<![CDATA[[2026-06-06 08:34:40] [[32minfo[39m] Setting up authenticated session
[2026-06-06 08:34:40] [[32minfo[39m] Navigating to: /
[2026-06-06 08:34:41] [[32minfo[39m] Logging in as: standard_user
[2026-06-06 08:34:42] [[32minfo[39m] Confirmed on inventory page
[2026-06-06 08:34:42] [[32minfo[39m] Adding to cart: Sauce Labs Backpack
[2026-06-06 08:34:42] [[32minfo[39m] Removing from cart: Sauce Labs Backpack
]]>
</system-out>
</testcase>
<testcase name="Inventory Page › @regression - navigate to cart page" classname="ui/inventory.spec.ts" time="2.895">
<system-out>
<![CDATA[[2026-06-06 08:34:42] [[32minfo[39m] Setting up authenticated session
[2026-06-06 08:34:42] [[32minfo[39m] Navigating to: /
[2026-06-06 08:34:43] [[32minfo[39m] Logging in as: standard_user
[2026-06-06 08:34:43] [[32minfo[39m] Confirmed on inventory page
[2026-06-06 08:34:43] [[32minfo[39m] Adding to cart: Sauce Labs Backpack
]]>
</system-out>
</testcase>
<testcase name="Inventory Page › @smoke - logout redirects to login page" classname="ui/inventory.spec.ts" time="3.996">
<system-out>
<![CDATA[[2026-06-06 08:34:42] [[32minfo[39m] Setting up authenticated session
[2026-06-06 08:34:42] [[32minfo[39m] Navigating to: /
[2026-06-06 08:34:43] [[32minfo[39m] Logging in as: standard_user
[2026-06-06 08:34:44] [[32minfo[39m] Confirmed on inventory page
[2026-06-06 08:34:46] [[32minfo[39m] Logged out successfully
]]>
</system-out>
</testcase>
</testsuite>
<testsuite name="ui/login.spec.ts" timestamp="2026-06-06T12:34:16.958Z" hostname="firefox" tests="6" failures="0" skipped="0" time="11.752" errors="0">
<testcase name="Login Page › @smoke - login form is visible" classname="ui/login.spec.ts" time="2.003">
<system-out>
<![CDATA[[2026-06-06 08:34:43] [[32minfo[39m] Navigating to: /
]]>
</system-out>
</testcase>
<testcase name="Login Page › @smoke - successful login with standard user" classname="ui/login.spec.ts" time="2.694">
<system-out>
<![CDATA[[2026-06-06 08:34:43] [[32minfo[39m] Navigating to: /
[2026-06-06 08:34:44] [[32minfo[39m] Logging in as: standard_user
[2026-06-06 08:34:45] [[32minfo[39m] Confirmed on inventory page
]]>
</system-out>
</testcase>
<testcase name="Login Page › @regression - locked user sees error message" classname="ui/login.spec.ts" time="2.247">
<system-out>
<![CDATA[[2026-06-06 08:34:45] [[32minfo[39m] Navigating to: /
[2026-06-06 08:34:46] [[32minfo[39m] Logging in as: locked_out_user
[2026-06-06 08:34:46] [[32minfo[39m] Error message verified: Epic sadface: Sorry, this user has been locked out
]]>
</system-out>
</testcase>
<testcase name="Login Page › @regression - invalid credentials shows error" classname="ui/login.spec.ts" time="2.123">
<system-out>
<![CDATA[[2026-06-06 08:34:45] [[32minfo[39m] Navigating to: /
[2026-06-06 08:34:46] [[32minfo[39m] Logging in as: invalid_user
[2026-06-06 08:34:46] [[32minfo[39m] Error message verified: Epic sadface: Username and password do not match
]]>
</system-out>
</testcase>
<testcase name="Login Page › @regression - empty username shows required error" classname="ui/login.spec.ts" time="1.486">
<system-out>
<![CDATA[[2026-06-06 08:34:46] [[32minfo[39m] Navigating to: /
[2026-06-06 08:34:47] [[32minfo[39m] Logging in as: 
[2026-06-06 08:34:47] [[32minfo[39m] Error message verified: Epic sadface: Username is required
]]>
</system-out>
</testcase>
<testcase name="Login Page › @regression - empty password shows required error" classname="ui/login.spec.ts" time="1.199">
<system-out>
<![CDATA[[2026-06-06 08:34:46] [[32minfo[39m] Navigating to: /
[2026-06-06 08:34:47] [[32minfo[39m] Logging in as: standard_user
[2026-06-06 08:34:47] [[32minfo[39m] Error message verified: Epic sadface: Password is required
]]>
</system-out>
</testcase>
</testsuite>
<testsuite name="ui/cart.spec.ts" timestamp="2026-06-06T12:34:16.958Z" hostname="webkit" tests="4" failures="0" skipped="0" time="17.841" errors="0">
<testcase name="Cart Page › @smoke - cart displays added items" classname="ui/cart.spec.ts" time="4.459">
<system-out>
<![CDATA[[2026-06-06 08:34:51] [[32minfo[39m] Setting up authenticated session
[2026-06-06 08:34:51] [[32minfo[39m] Navigating to: /
[2026-06-06 08:34:51] [[32minfo[39m] Logging in as: standard_user
[2026-06-06 08:34:52] [[32minfo[39m] Confirmed on inventory page
[2026-06-06 08:34:52] [[32minfo[39m] Adding to cart: Sauce Labs Backpack
[2026-06-06 08:34:52] [[32minfo[39m] Adding to cart: Sauce Labs Bike Light
]]>
</system-out>
</testcase>
<testcase name="Cart Page › @regression - cart item names are correct" classname="ui/cart.spec.ts" time="4.422">
<system-out>
<![CDATA[[2026-06-06 08:34:51] [[32minfo[39m] Setting up authenticated session
[2026-06-06 08:34:51] [[32minfo[39m] Navigating to: /
[2026-06-06 08:34:51] [[32minfo[39m] Logging in as: standard_user
[2026-06-06 08:34:52] [[32minfo[39m] Confirmed on inventory page
[2026-06-06 08:34:52] [[32minfo[39m] Adding to cart: Sauce Labs Backpack
[2026-06-06 08:34:52] [[32minfo[39m] Adding to cart: Sauce Labs Bike Light
]]>
</system-out>
</testcase>
<testcase name="Cart Page › @regression - continue shopping returns to inventory" classname="ui/cart.spec.ts" time="4.533">
<system-out>
<![CDATA[[2026-06-06 08:34:51] [[32minfo[39m] Setting up authenticated session
[2026-06-06 08:34:51] [[32minfo[39m] Navigating to: /
[2026-06-06 08:34:51] [[32minfo[39m] Logging in as: standard_user
[2026-06-06 08:34:52] [[32minfo[39m] Confirmed on inventory page
[2026-06-06 08:34:52] [[32minfo[39m] Adding to cart: Sauce Labs Backpack
[2026-06-06 08:34:52] [[32minfo[39m] Adding to cart: Sauce Labs Bike Light
[2026-06-06 08:34:52] [[32minfo[39m] Confirmed on inventory page
]]>
</system-out>
</testcase>
<testcase name="Cart Page › @regression - proceed to checkout navigates correctly" classname="ui/cart.spec.ts" time="4.427">
<system-out>
<![CDATA[[2026-06-06 08:34:51] [[32minfo[39m] Setting up authenticated session
[2026-06-06 08:34:51] [[32minfo[39m] Navigating to: /
[2026-06-06 08:34:51] [[32minfo[39m] Logging in as: standard_user
[2026-06-06 08:34:52] [[32minfo[39m] Confirmed on inventory page
[2026-06-06 08:34:52] [[32minfo[39m] Adding to cart: Sauce Labs Backpack
[2026-06-06 08:34:52] [[32minfo[39m] Adding to cart: Sauce Labs Bike Light
]]>
</system-out>
</testcase>
</testsuite>
<testsuite name="ui/inventory.spec.ts" timestamp="2026-06-06T12:34:16.958Z" hostname="webkit" tests="9" failures="0" skipped="0" time="14.319" errors="0">
<testcase name="Inventory Page › @smoke - inventory page loads with products" classname="ui/inventory.spec.ts" time="1.372">
<system-out>
<![CDATA[[2026-06-06 08:34:53] [[32minfo[39m] Setting up authenticated session
[2026-06-06 08:34:53] [[32minfo[39m] Navigating to: /
[2026-06-06 08:34:53] [[32minfo[39m] Logging in as: standard_user
[2026-06-06 08:34:54] [[32minfo[39m] Confirmed on inventory page
]]>
</system-out>
</testcase>
<testcase name="Inventory Page › @regression - products sorted A-Z by default" classname="ui/inventory.spec.ts" time="1.496">
<system-out>
<![CDATA[[2026-06-06 08:34:53] [[32minfo[39m] Setting up authenticated session
[2026-06-06 08:34:53] [[32minfo[39m] Navigating to: /
[2026-06-06 08:34:53] [[32minfo[39m] Logging in as: standard_user
[2026-06-06 08:34:54] [[32minfo[39m] Confirmed on inventory page
[2026-06-06 08:34:54] [[32minfo[39m] Sorting products by: az
]]>
</system-out>
</testcase>
<testcase name="Inventory Page › @regression - products sorted by price low-to-high" classname="ui/inventory.spec.ts" time="1.337">
<system-out>
<![CDATA[[2026-06-06 08:34:53] [[32minfo[39m] Setting up authenticated session
[2026-06-06 08:34:53] [[32minfo[39m] Navigating to: /
[2026-06-06 08:34:53] [[32minfo[39m] Logging in as: standard_user
[2026-06-06 08:34:54] [[32minfo[39m] Confirmed on inventory page
[2026-06-06 08:34:54] [[32minfo[39m] Sorting products by: lohi
]]>
</system-out>
</testcase>
<testcase name="Inventory Page › @regression - products sorted by price high-to-low" classname="ui/inventory.spec.ts" time="1.431">
<system-out>
<![CDATA[[2026-06-06 08:34:53] [[32minfo[39m] Setting up authenticated session
[2026-06-06 08:34:53] [[32minfo[39m] Navigating to: /
[2026-06-06 08:34:53] [[32minfo[39m] Logging in as: standard_user
[2026-06-06 08:34:54] [[32minfo[39m] Confirmed on inventory page
[2026-06-06 08:34:54] [[32minfo[39m] Sorting products by: hilo
]]>
</system-out>
</testcase>
<testcase name="Inventory Page › @smoke - add item to cart updates badge count" classname="ui/inventory.spec.ts" time="1.439">
<system-out>
<![CDATA[[2026-06-06 08:34:54] [[32minfo[39m] Setting up authenticated session
[2026-06-06 08:34:54] [[32minfo[39m] Navigating to: /
[2026-06-06 08:34:54] [[32minfo[39m] Logging in as: standard_user
[2026-06-06 08:34:55] [[32minfo[39m] Confirmed on inventory page
[2026-06-06 08:34:55] [[32minfo[39m] Adding to cart: Sauce Labs Backpack
]]>
</system-out>
</testcase>
<testcase name="Inventory Page › @regression - add multiple items to cart" classname="ui/inventory.spec.ts" time="1.622">
<system-out>
<![CDATA[[2026-06-06 08:34:54] [[32minfo[39m] Setting up authenticated session
[2026-06-06 08:34:54] [[32minfo[39m] Navigating to: /
[2026-06-06 08:34:55] [[32minfo[39m] Logging in as: standard_user
[2026-06-06 08:34:55] [[32minfo[39m] Confirmed on inventory page
[2026-06-06 08:34:55] [[32minfo[39m] Adding to cart: Sauce Labs Backpack
[2026-06-06 08:34:55] [[32minfo[39m] Adding to cart: Sauce Labs Bike Light
]]>
</system-out>
</testcase>
<testcase name="Inventory Page › @regression - remove item from cart" classname="ui/inventory.spec.ts" time="1.634">
<system-out>
<![CDATA[[2026-06-06 08:34:54] [[32minfo[39m] Setting up authenticated session
[2026-06-06 08:34:54] [[32minfo[39m] Navigating to: /
[2026-06-06 08:34:55] [[32minfo[39m] Logging in as: standard_user
[2026-06-06 08:34:55] [[32minfo[39m] Confirmed on inventory page
[2026-06-06 08:34:55] [[32minfo[39m] Adding to cart: Sauce Labs Backpack
[2026-06-06 08:34:55] [[32minfo[39m] Removing from cart: Sauce Labs Backpack
]]>
</system-out>
</testcase>
<testcase name="Inventory Page › @regression - navigate to cart page" classname="ui/inventory.spec.ts" time="1.523">
<system-out>
<![CDATA[[2026-06-06 08:34:54] [[32minfo[39m] Setting up authenticated session
[2026-06-06 08:34:54] [[32minfo[39m] Navigating to: /
[2026-06-06 08:34:55] [[32minfo[39m] Logging in as: standard_user
[2026-06-06 08:34:55] [[32minfo[39m] Confirmed on inventory page
[2026-06-06 08:34:55] [[32minfo[39m] Adding to cart: Sauce Labs Backpack
]]>
</system-out>
</testcase>
<testcase name="Inventory Page › @smoke - logout redirects to login page" classname="ui/inventory.spec.ts" time="2.465">
<system-out>
<![CDATA[[2026-06-06 08:34:56] [[32minfo[39m] Setting up authenticated session
[2026-06-06 08:34:56] [[32minfo[39m] Navigating to: /
[2026-06-06 08:34:56] [[32minfo[39m] Logging in as: standard_user
[2026-06-06 08:34:57] [[32minfo[39m] Confirmed on inventory page
[2026-06-06 08:34:58] [[32minfo[39m] Logged out successfully
]]>
</system-out>
</testcase>
</testsuite>
<testsuite name="ui/login.spec.ts" timestamp="2026-06-06T12:34:16.958Z" hostname="webkit" tests="6" failures="0" skipped="0" time="6.666" errors="0">
<testcase name="Login Page › @smoke - login form is visible" classname="ui/login.spec.ts" time="1.005">
<system-out>
<![CDATA[[2026-06-06 08:34:56] [[32minfo[39m] Navigating to: /
]]>
</system-out>
</testcase>
<testcase name="Login Page › @smoke - successful login with standard user" classname="ui/login.spec.ts" time="1.331">
<system-out>
<![CDATA[[2026-06-06 08:34:56] [[32minfo[39m] Navigating to: /
[2026-06-06 08:34:56] [[32minfo[39m] Logging in as: standard_user
[2026-06-06 08:34:57] [[32minfo[39m] Confirmed on inventory page
]]>
</system-out>
</testcase>
<testcase name="Login Page › @regression - locked user sees error message" classname="ui/login.spec.ts" time="1.197">
<system-out>
<![CDATA[[2026-06-06 08:34:56] [[32minfo[39m] Navigating to: /
[2026-06-06 08:34:56] [[32minfo[39m] Logging in as: locked_out_user
[2026-06-06 08:34:57] [[32minfo[39m] Error message verified: Epic sadface: Sorry, this user has been locked out
]]>
</system-out>
</testcase>
<testcase name="Login Page › @regression - invalid credentials shows error" classname="ui/login.spec.ts" time="1.182">
<system-out>
<![CDATA[[2026-06-06 08:34:57] [[32minfo[39m] Navigating to: /
[2026-06-06 08:34:57] [[32minfo[39m] Logging in as: invalid_user
[2026-06-06 08:34:57] [[32minfo[39m] Error message verified: Epic sadface: Username and password do not match
]]>
</system-out>
</testcase>
<testcase name="Login Page › @regression - empty username shows required error" classname="ui/login.spec.ts" time="1.012">
<system-out>
<![CDATA[[2026-06-06 08:34:57] [[32minfo[39m] Navigating to: /
[2026-06-06 08:34:57] [[32minfo[39m] Logging in as: 
[2026-06-06 08:34:58] [[32minfo[39m] Error message verified: Epic sadface: Username is required
]]>
</system-out>
</testcase>
<testcase name="Login Page › @regression - empty password shows required error" classname="ui/login.spec.ts" time="0.939">
<system-out>
<![CDATA[[2026-06-06 08:34:57] [[32minfo[39m] Navigating to: /
[2026-06-06 08:34:58] [[32minfo[39m] Logging in as: standard_user
[2026-06-06 08:34:58] [[32minfo[39m] Error message verified: Epic sadface: Password is required
]]>
</system-out>
</testcase>
</testsuite>
</testsuites>