<testsuites id="" name="" tests="18" failures="0" skipped="0" errors="0" time="3.833058">
<testsuite name="api/auth.spec.ts" timestamp="2026-06-06T12:18:52.966Z" hostname="api" tests="7" failures="0" skipped="0" time="2.938" errors="0">
<testcase name="Authentication API › @smoke - POST /auth/login returns token for valid credentials" classname="api/auth.spec.ts" time="0.372">
<system-out>
<![CDATA[[2026-06-06 08:18:53] [[32minfo[39m] POST https://dummyjson.com/auth/login — body: {"username":"emilys","password":"emilyspass"}
[2026-06-06 08:18:53] [[32minfo[39m] Response [200]: {"accessToken":"eyJhbGciOiJIUzI1NiIsInR5cCI6IkpXVCJ9.eyJpZCI6MSwidXNlcm5hbWUiOiJlbWlseXMiLCJlbWFpbCI6ImVtaWx5LmpvaG5zb25AeC5kdW1teWpzb24uY29tIiwiZmlyc3ROYW1lIjoiRW1pbHkiLCJsYXN0TmFtZSI6IkpvaG5zb24iLCJ
]]>
</system-out>
</testcase>
<testcase name="Authentication API › @smoke - login response includes user details" classname="api/auth.spec.ts" time="0.365">
<system-out>
<![CDATA[[2026-06-06 08:18:53] [[32minfo[39m] POST https://dummyjson.com/auth/login — body: {"username":"emilys","password":"emilyspass"}
[2026-06-06 08:18:53] [[32minfo[39m] Response [200]: {"accessToken":"eyJhbGciOiJIUzI1NiIsInR5cCI6IkpXVCJ9.eyJpZCI6MSwidXNlcm5hbWUiOiJlbWlseXMiLCJlbWFpbCI6ImVtaWx5LmpvaG5zb25AeC5kdW1teWpzb24uY29tIiwiZmlyc3ROYW1lIjoiRW1pbHkiLCJsYXN0TmFtZSI6IkpvaG5zb24iLCJ
]]>
</system-out>
</testcase>
<testcase name="Authentication API › @regression - login with invalid credentials returns 400" classname="api/auth.spec.ts" time="0.745">
<system-out>
<![CDATA[[2026-06-06 08:18:53] [[32minfo[39m] POST https://dummyjson.com/auth/login — body: {"username":"nonexistent_user","password":"wrong_password"}
[2026-06-06 08:18:54] [[32minfo[39m] Response [400]: {"message":"Invalid credentials"}
]]>
</system-out>
</testcase>
<testcase name="Authentication API › @regression - login response includes refresh token" classname="api/auth.spec.ts" time="0.753">
<system-out>
<![CDATA[[2026-06-06 08:18:53] [[32minfo[39m] POST https://dummyjson.com/auth/login — body: {"username":"emilys","password":"emilyspass"}
[2026-06-06 08:18:54] [[32minfo[39m] Response [200]: {"accessToken":"eyJhbGciOiJIUzI1NiIsInR5cCI6IkpXVCJ9.eyJpZCI6MSwidXNlcm5hbWUiOiJlbWlseXMiLCJlbWFpbCI6ImVtaWx5LmpvaG5zb25AeC5kdW1teWpzb24uY29tIiwiZmlyc3ROYW1lIjoiRW1pbHkiLCJsYXN0TmFtZSI6IkpvaG5zb24iLCJ
]]>
</system-out>
</testcase>
<testcase name="Authentication API › @regression - login response headers include content-type json" classname="api/auth.spec.ts" time="0.183">
<system-out>
<![CDATA[[2026-06-06 08:18:53] [[32minfo[39m] POST https://dummyjson.com/auth/login — body: {"username":"emilys","password":"emilyspass"}
[2026-06-06 08:18:54] [[32minfo[39m] Response [200]: {"accessToken":"eyJhbGciOiJIUzI1NiIsInR5cCI6IkpXVCJ9.eyJpZCI6MSwidXNlcm5hbWUiOiJlbWlseXMiLCJlbWFpbCI6ImVtaWx5LmpvaG5zb25AeC5kdW1teWpzb24uY29tIiwiZmlyc3ROYW1lIjoiRW1pbHkiLCJsYXN0TmFtZSI6IkpvaG5zb24iLCJ
]]>
</system-out>
</testcase>
<testcase name="Authentication API › @regression - token from login can authenticate subsequent request" classname="api/auth.spec.ts" time="0.331">
<system-out>
<![CDATA[[2026-06-06 08:18:53] [[32minfo[39m] POST https://dummyjson.com/auth/login — body: {"username":"emilys","password":"emilyspass"}
[2026-06-06 08:18:54] [[32minfo[39m] Response [200]: {"accessToken":"eyJhbGciOiJIUzI1NiIsInR5cCI6IkpXVCJ9.eyJpZCI6MSwidXNlcm5hbWUiOiJlbWlseXMiLCJlbWFpbCI6ImVtaWx5LmpvaG5zb25AeC5kdW1teWpzb24uY29tIiwiZmlyc3ROYW1lIjoiRW1pbHkiLCJsYXN0TmFtZSI6IkpvaG5zb24iLCJ
]]>
</system-out>
</testcase>
<testcase name="Authentication API › @regression - login with custom token expiry" classname="api/auth.spec.ts" time="0.189">
<system-out>
<![CDATA[[2026-06-06 08:18:54] [[32minfo[39m] POST https://dummyjson.com/auth/login — body: {"username":"emilys","password":"emilyspass","expiresInMins":60}
[2026-06-06 08:18:54] [[32minfo[39m] Response [200]: {"accessToken":"eyJhbGciOiJIUzI1NiIsInR5cCI6IkpXVCJ9.eyJpZCI6MSwidXNlcm5hbWUiOiJlbWlseXMiLCJlbWFpbCI6ImVtaWx5LmpvaG5zb25AeC5kdW1teWpzb24uY29tIiwiZmlyc3ROYW1lIjoiRW1pbHkiLCJsYXN0TmFtZSI6IkpvaG5zb24iLCJ
]]>
</system-out>
</testcase>
</testsuite>
<testsuite name="api/users.spec.ts" timestamp="2026-06-06T12:18:52.966Z" hostname="api" tests="11" failures="0" skipped="0" time="2.085" errors="0">
<testcase name="Users API › @smoke - GET /users returns paginated user list" classname="api/users.spec.ts" time="0.161">
<system-out>
<![CDATA[[2026-06-06 08:18:55] [[32minfo[39m] GET https://dummyjson.com/users
[2026-06-06 08:18:55] [[32minfo[39m] Response [200]: {"users":[{"id":1,"firstName":"Emily","lastName":"Johnson","maidenName":"Smith","age":29,"gender":"female","email":"emily.johnson@x.dummyjson.com","phone":"+81 965-431-3024","username":"emilys","passw
]]>
</system-out>
</testcase>
<testcase name="Users API › @regression - GET /users pagination - skip works correctly" classname="api/users.spec.ts" time="0.591">
<system-out>
<![CDATA[[2026-06-06 08:18:55] [[32minfo[39m] GET https://dummyjson.com/users
[2026-06-06 08:18:55] [[32minfo[39m] GET https://dummyjson.com/users
[2026-06-06 08:18:55] [[32minfo[39m] Response [200]: {"users":[{"id":1,"firstName":"Emily","lastName":"Johnson","maidenName":"Smith","age":29,"gender":"female","email":"emily.johnson@x.dummyjson.com","phone":"+81 965-431-3024","username":"emilys","passw
[2026-06-06 08:18:55] [[32minfo[39m] Response [200]: {"users":[{"id":6,"firstName":"Olivia","lastName":"Wilson","maidenName":"","age":23,"gender":"female","email":"olivia.wilson@x.dummyjson.com","phone":"+91 607-295-6448","username":"oliviaw","password"
]]>
</system-out>
</testcase>
<testcase name="Users API › @smoke - GET /users/:id returns a single user" classname="api/users.spec.ts" time="0.159">
<system-out>
<![CDATA[[2026-06-06 08:18:55] [[32minfo[39m] GET https://dummyjson.com/users/1
[2026-06-06 08:18:55] [[32minfo[39m] Response [200]: {"id":1,"firstName":"Emily","lastName":"Johnson","maidenName":"Smith","age":29,"gender":"female","email":"emily.johnson@x.dummyjson.com","phone":"+81 965-431-3024","username":"emilys","password":"emil
]]>
</system-out>
</testcase>
<testcase name="Users API › @regression - GET /users/:id - user not found returns 404" classname="api/users.spec.ts" time="0.154">
<system-out>
<![CDATA[[2026-06-06 08:18:55] [[32minfo[39m] GET https://dummyjson.com/users/0
[2026-06-06 08:18:55] [[32minfo[39m] Response [404]: {"message":"User with id '0' not found"}
]]>
</system-out>
</testcase>
<testcase name="Users API › @regression - GET /users/search returns matching users" classname="api/users.spec.ts" time="0.136">
<system-out>
<![CDATA[[2026-06-06 08:18:55] [[32minfo[39m] GET https://dummyjson.com/users/search
[2026-06-06 08:18:55] [[32minfo[39m] Response [200]: {"users":[{"id":1,"firstName":"Emily","lastName":"Johnson","maidenName":"Smith","age":29,"gender":"female","email":"emily.johnson@x.dummyjson.com","phone":"+81 965-431-3024","username":"emilys","passw
]]>
</system-out>
</testcase>
<testcase name="Users API › @smoke - POST /users/add creates a new user" classname="api/users.spec.ts" time="0.147">
<system-out>
<![CDATA[[2026-06-06 08:18:55] [[32minfo[39m] POST https://dummyjson.com/users/add — body: {"firstName":"Thomas","lastName":"Frami"}
[2026-06-06 08:18:55] [[32minfo[39m] Response [201]: {"id":209,"firstName":"Thomas","lastName":"Frami","maidenName":"","age":null,"gender":"","email":"","phone":"","username":"","password":"","birthDate":"","image":"","bloodGroup":"","height":null,"weig
]]>
</system-out>
</testcase>
<testcase name="Users API › @regression - PUT /users/:id updates user fully" classname="api/users.spec.ts" time="0.146">
<system-out>
<![CDATA[[2026-06-06 08:18:55] [[32minfo[39m] PUT https://dummyjson.com/users/1
[2026-06-06 08:18:55] [[32minfo[39m] Response [200]: {"id":1,"firstName":"Updated","lastName":"Testuser","maidenName":"Smith","age":29,"gender":"female","email":"emily.johnson@x.dummyjson.com","phone":"+81 965-431-3024","username":"emilys","password":"e
]]>
</system-out>
</testcase>
<testcase name="Users API › @regression - PATCH /users/:id partial update" classname="api/users.spec.ts" time="0.139">
<system-out>
<![CDATA[[2026-06-06 08:18:55] [[32minfo[39m] PATCH https://dummyjson.com/users/1
[2026-06-06 08:18:55] [[32minfo[39m] Response [200]: {"id":1,"firstName":"Patched","lastName":"Johnson","maidenName":"Smith","age":29,"gender":"female","email":"emily.johnson@x.dummyjson.com","phone":"+81 965-431-3024","username":"emilys","password":"em
]]>
</system-out>
</testcase>
<testcase name="Users API › @regression - DELETE /users/:id returns 200 with isDeleted flag" classname="api/users.spec.ts" time="0.154">
<system-out>
<![CDATA[[2026-06-06 08:18:55] [[32minfo[39m] DELETE https://dummyjson.com/users/1
[2026-06-06 08:18:55] [[32minfo[39m] Response [200]: {"id":1,"firstName":"Emily","lastName":"Johnson","maidenName":"Smith","age":29,"gender":"female","email":"emily.johnson@x.dummyjson.com","phone":"+81 965-431-3024","username":"emilys","password":"emil
]]>
</system-out>
</testcase>
<testcase name="Users API › @regression - user object schema is valid" classname="api/users.spec.ts" time="0.147">
<system-out>
<![CDATA[[2026-06-06 08:18:55] [[32minfo[39m] GET https://dummyjson.com/users/1
[2026-06-06 08:18:55] [[32minfo[39m] Response [200]: {"id":1,"firstName":"Emily","lastName":"Johnson","maidenName":"Smith","age":29,"gender":"female","email":"emily.johnson@x.dummyjson.com","phone":"+81 965-431-3024","username":"emilys","password":"emil
]]>
</system-out>
</testcase>
<testcase name="Users API › @regression - limit parameter controls page size" classname="api/users.spec.ts" time="0.151">
<system-out>
<![CDATA[[2026-06-06 08:18:55] [[32minfo[39m] GET https://dummyjson.com/users
[2026-06-06 08:18:55] [[32minfo[39m] Response [200]: {"users":[{"id":1,"firstName":"Emily","lastName":"Johnson","maidenName":"Smith","age":29,"gender":"female","email":"emily.johnson@x.dummyjson.com","phone":"+81 965-431-3024","username":"emilys","passw
]]>
</system-out>
</testcase>
</testsuite>
</testsuites>